<?xml version="1.0" encoding="UTF-8"?>
<!-- Generated by org.testng.reporters.JUnitXMLReporter -->
<testsuite ignored="0" hostname="0621rdnote16" failures="1" tests="2" name="TestN" time="4.883" errors="0" timestamp="2022-03-23T17:58:54 EDT">
  <testcase classname="seleniumpackage.Testngg" name="@AfterMethod Closebrowser" time="0.001">
    <failure type="java.lang.NullPointerException" message="Cannot invoke &amp;quot;org.openqa.selenium.WebDriver.close()&amp;quot; because &amp;quot;this.driver&amp;quot; is null">
      <![CDATA[java.lang.NullPointerException: Cannot invoke "org.openqa.selenium.WebDriver.close()" because "this.driver" is null
at seleniumpackage.Testngg.Closebrowser(Testngg.java:40)
at java.base/java.util.ArrayList.forEach(ArrayList.java:1511)
... Removed 32 stack frames]]>
    </failure>
  </testcase> <!-- @AfterMethod Closebrowser -->
  <testcase classname="seleniumpackage.Testngg" name="@BeforeMethod openbrowser" time="-1.648072734017E9">
    <skipped/>
  </testcase> <!-- @BeforeMethod openbrowser -->
  <testcase classname="seleniumpackage.Testngg" name="@AfterMethod Closebrowser" time="-1.648072734029E9">
    <skipped/>
  </testcase> <!-- @AfterMethod Closebrowser -->
  <testcase classname="seleniumpackage.Testngg" name="typefname_validdate" time="0.015">
    <failure type="java.lang.NullPointerException" message="Cannot invoke &amp;quot;seleniumpackage.VerificationPOM.typeframe(String)&amp;quot; because &amp;quot;this.abc&amp;quot; is null">
      <![CDATA[java.lang.NullPointerException: Cannot invoke "seleniumpackage.VerificationPOM.typeframe(String)" because "this.abc" is null
at seleniumpackage.Testngg.typefname_validdate(Testngg.java:28)
at java.base/java.util.ArrayList.forEach(ArrayList.java:1511)
... Removed 27 stack frames]]>
    </failure>
  </testcase> <!-- typefname_validdate -->
  <testcase classname="seleniumpackage.Testngg" name="typeinvalidfname" time="0.0">
    <skipped/>
  </testcase> <!-- typeinvalidfname -->
</testsuite> <!-- TestN -->
